<?xml version="1.0" encoding="UTF-8"?>
<!-- Generated by org.testng.reporters.JUnitReportReporter -->
<testsuite skipped="0" hostname="ThuRein" name="tin.thurein.appium.AndroidTest" tests="1" failures="0" timestamp="2020-04-06T14:31:42 MMT" time="2.018" errors="0">
  <testcase name="testOpensAlert" time="2.018" classname="tin.thurein.appium.AndroidTest"/>
  <system-out/>
</testsuite> <!-- tin.thurein.appium.AndroidTest -->
